2024-01-31 00:08:09,522 - INFO - Server start
2024-01-31 00:08:10,389 - INFO - Server start
2024-01-31 00:14:50,003 - INFO - Server start
2024-01-31 00:14:51,153 - INFO - Server start
2024-01-31 00:16:12,863 - INFO - Server start
2024-01-31 00:16:14,089 - INFO - Server start
2024-01-31 00:18:42,058 - INFO - Server start
2024-01-31 00:18:43,170 - INFO - Server start
2024-01-31 00:21:45,919 - INFO - Server start
2024-01-31 00:21:55,904 - INFO - Server start
2024-01-31 00:23:20,322 - INFO - Server start
2024-01-31 00:23:34,718 - INFO - Server start
2024-01-31 00:23:35,839 - INFO - Server start
2024-01-31 10:52:20,370 - INFO - Server start
2024-02-01 21:09:30,147 - INFO - Server start
2024-02-01 21:09:31,498 - INFO - Server start
2024-02-01 21:11:45,586 - INFO - Server start
2024-02-01 21:12:06,581 - INFO - Server start
2024-02-01 21:12:11,224 - INFO - Server start
2024-02-01 21:37:58,991 - INFO - Server start
2024-02-01 21:37:59,901 - INFO - Server start
2024-02-09 23:43:09,869 - INFO - Server start
2024-02-09 23:43:10,884 - INFO - Server start
2024-02-10 05:17:15,725 - INFO - Server start
2024-02-10 05:17:16,598 - INFO - Server start
2024-02-10 07:47:29,547 - INFO - Server start
2024-02-10 07:47:30,430 - INFO - Server start
2024-02-11 01:58:39,750 - INFO - Server start
2024-02-11 01:58:42,226 - INFO - Server start
2024-02-11 02:44:31,712 - INFO - Server start
2024-02-11 02:44:32,729 - INFO - Server start
2024-02-11 02:56:25,349 - INFO - Server start
2024-02-11 02:56:27,131 - INFO - Server start
2024-02-11 02:58:45,889 - INFO - Server start
2024-02-11 02:58:46,820 - INFO - Server start
2024-02-11 03:19:47,252 - INFO - Server start
2024-02-11 03:19:48,249 - INFO - Server start
2024-02-11 04:12:29,309 - INFO - Server start
2024-02-11 04:12:30,285 - INFO - Server start
2024-02-11 04:22:41,019 - INFO - Server start
2024-02-11 04:39:54,294 - INFO - Server start
2024-02-11 04:39:55,213 - INFO - Server start
2024-02-24 00:08:28,726 - INFO - Server start
2024-02-24 00:08:29,655 - INFO - Server start
2024-02-27 18:17:48,815 - INFO - Server start
2024-02-27 18:17:50,180 - INFO - Server start
2024-02-27 18:20:51,863 - INFO - Server start
2024-02-27 18:20:52,741 - INFO - Server start
2024-02-27 18:41:56,209 - INFO - Server start
2024-02-27 18:41:59,394 - INFO - Server start
2024-02-27 18:45:14,221 - INFO - Server start
2024-02-27 18:46:33,827 - INFO - Server start
2024-02-27 18:46:39,734 - INFO - Server start
2024-02-27 18:47:22,981 - INFO - Server start
2024-02-27 18:47:23,820 - INFO - Server start
2024-02-27 18:53:17,866 - INFO - Server start
2024-02-27 18:54:07,117 - INFO - Server start
2024-02-27 18:54:21,588 - INFO - Server start
2024-02-27 18:54:45,075 - INFO - Server start
2024-02-27 18:54:45,960 - INFO - Server start
2024-02-27 18:56:04,810 - INFO - Server start
2024-02-27 18:56:05,788 - INFO - Server start
2024-02-27 18:56:53,396 - INFO - Server start
2024-02-27 18:56:54,439 - INFO - Server start
2024-02-27 18:57:29,132 - INFO - Server start
2024-02-27 18:57:37,520 - INFO - Server start
2024-02-27 18:57:38,440 - INFO - Server start
2024-02-27 19:23:29,714 - INFO - Server start
2024-02-27 19:23:30,938 - INFO - Server start
2024-02-27 19:25:14,729 - INFO - Server start
2024-02-27 21:02:10,434 - INFO - Server start
2024-02-27 21:02:11,291 - INFO - Server start
2024-02-27 21:10:08,779 - INFO - Server start
2024-02-27 21:10:10,005 - INFO - Server start
2024-02-28 09:06:49,986 - INFO - Server start
2024-02-28 09:06:50,996 - INFO - Server start
2024-02-28 11:45:16,213 - INFO - Server start
2024-02-28 11:47:04,636 - INFO - Server start
2024-02-28 11:47:13,440 - INFO - Server start
2024-02-28 11:47:42,995 - INFO - Server start
2024-02-28 11:47:58,774 - INFO - Server start
2024-02-28 11:48:03,182 - INFO - Server start
2024-02-28 11:48:37,930 - INFO - Server start
2024-02-28 11:48:45,370 - INFO - Server start
2024-02-28 11:50:35,764 - INFO - Server start
2024-02-28 11:50:36,634 - INFO - Server start
2024-02-28 11:51:16,293 - INFO - Server start
2024-02-28 11:51:17,224 - INFO - Server start
2024-02-28 11:52:46,809 - INFO - Server start
2024-02-28 11:52:49,825 - INFO - Server start
2024-02-28 11:55:26,708 - INFO - Server start
2024-02-28 11:55:27,580 - INFO - Server start
2024-02-28 12:08:10,856 - INFO - Server start
2024-02-28 12:08:11,726 - INFO - Server start
2024-02-29 00:36:23,863 - INFO - Server start
2024-02-29 00:36:24,812 - INFO - Server start
2024-02-29 01:27:23,896 - INFO - Server start
2024-02-29 01:27:24,887 - INFO - Server start
2024-02-29 16:16:37,342 - INFO - Server start
2024-02-29 16:16:38,331 - INFO - Server start
2024-02-29 16:50:18,784 - INFO - Server start
2024-02-29 16:50:19,666 - INFO - Server start
2024-02-29 17:30:42,975 - INFO - Server start
2024-02-29 17:30:43,886 - INFO - Server start
2024-03-14 10:48:56,232 - INFO - Server start
2024-03-14 10:48:57,739 - INFO - Server start
2024-03-14 10:52:39,048 - INFO - Server start
2024-03-14 10:52:40,292 - INFO - Server start
2024-03-15 00:52:34,952 - INFO - Server start
2024-03-15 00:52:36,113 - INFO - Server start
2024-03-15 01:14:18,754 - INFO - Server start
2024-03-15 01:14:19,706 - INFO - Server start
2024-03-15 01:49:00,996 - INFO - Server start
2024-03-15 01:49:02,324 - INFO - Server start
2024-03-15 01:51:24,735 - INFO - Server start
2024-03-15 01:51:25,622 - INFO - Server start
2024-03-15 01:51:54,946 - INFO - Server start
2024-03-15 01:51:59,373 - INFO - Server start
2024-03-15 01:52:00,251 - INFO - Server start
2024-03-15 01:57:31,899 - INFO - Server start
2024-03-15 01:57:32,738 - INFO - Server start
2024-03-15 02:00:28,513 - INFO - Server start
2024-03-15 02:00:32,868 - INFO - Server start
2024-03-15 02:00:33,783 - INFO - Server start
2024-03-15 02:00:43,735 - INFO - Server start
2024-03-15 02:01:08,936 - INFO - Server start
2024-03-15 02:04:58,829 - INFO - Server start
2024-03-15 02:05:09,559 - INFO - Server start
2024-03-15 02:05:10,400 - INFO - Server start
2024-03-15 02:06:53,386 - INFO - Server start
2024-03-15 02:06:58,058 - INFO - Server start
2024-03-15 02:06:58,974 - INFO - Server start
2024-03-15 02:07:17,390 - INFO - Server start
2024-03-15 02:07:50,031 - INFO - Server start
2024-03-15 02:08:57,051 - INFO - Server start
2024-03-15 02:09:00,086 - INFO - Server start
2024-03-15 02:09:09,687 - INFO - Server start
2024-03-15 02:09:15,762 - INFO - Server start
2024-03-15 02:09:16,663 - INFO - Server start
2024-03-15 02:29:28,007 - INFO - Server start
2024-03-15 02:29:28,856 - INFO - Server start
2024-03-15 02:34:56,483 - INFO - Server start
2024-03-15 03:27:08,915 - INFO - Server start
2024-03-15 03:27:09,962 - INFO - Server start
2024-03-15 03:28:50,722 - INFO - Server start
2024-03-15 03:29:04,680 - INFO - Server start
2024-03-15 03:36:30,292 - INFO - Server start
2024-03-15 03:36:46,726 - INFO - Server start
2024-03-15 03:36:47,592 - INFO - Server start
2024-03-15 03:38:09,755 - INFO - Server start
2024-03-15 03:38:10,761 - INFO - Server start
2024-03-15 03:48:02,115 - INFO - Server start
2024-03-15 03:48:16,824 - INFO - Server start
2024-03-15 03:48:17,754 - INFO - Server start
2024-03-15 03:49:46,571 - INFO - Server start
2024-03-15 03:49:52,713 - INFO - Server start
2024-03-15 03:49:53,562 - INFO - Server start
2024-03-15 06:25:20,843 - INFO - Server start
2024-03-15 06:25:21,769 - INFO - Server start
2024-03-15 10:15:36,929 - INFO - Server start
2024-03-15 10:15:37,797 - INFO - Server start
2024-03-15 10:17:36,010 - INFO - Server start
2024-03-15 17:45:10,662 - INFO - Server start
2024-03-15 17:45:11,949 - INFO - Server start
2024-03-15 18:02:01,105 - INFO - Server start
2024-03-15 18:02:02,097 - INFO - Server start
2024-03-15 19:32:00,672 - INFO - Server start
2024-03-15 19:32:01,567 - INFO - Server start
2024-03-15 19:33:51,168 - INFO - Server start
2024-03-15 19:33:52,095 - INFO - Server start
2024-03-15 19:36:15,557 - INFO - Server start
2024-03-15 19:36:22,401 - INFO - Server start
2024-03-15 19:36:23,363 - INFO - Server start
2024-03-15 19:44:34,579 - INFO - Server start
2024-03-15 19:44:35,433 - INFO - Server start
2024-03-15 19:50:21,307 - INFO - Server start
2024-03-15 19:50:22,166 - INFO - Server start
2024-03-15 19:51:17,931 - INFO - Server start
2024-03-15 19:51:18,986 - INFO - Server start
2024-03-15 19:52:17,656 - INFO - Server start
2024-03-15 19:52:31,667 - INFO - Server start
2024-03-15 19:52:32,533 - INFO - Server start
2024-03-15 20:21:03,053 - INFO - Server start
2024-03-15 20:21:04,016 - INFO - Server start
2024-03-16 22:44:17,382 - INFO - Server start
2024-03-16 22:44:18,598 - INFO - Server start
2024-03-16 22:52:08,236 - INFO - Server start
2024-03-16 22:52:09,289 - INFO - Server start
2024-03-16 22:53:10,803 - INFO - Server start
2024-03-16 22:54:32,750 - INFO - Server start
2024-03-16 22:54:40,571 - INFO - Server start
2024-03-16 22:54:41,635 - INFO - Server start
2024-03-16 22:55:43,863 - INFO - Server start
2024-03-16 23:01:37,443 - INFO - Server start
2024-03-16 23:03:06,266 - INFO - Server start
2024-03-16 23:03:21,071 - INFO - Server start
2024-03-16 23:03:22,163 - INFO - Server start
2024-03-16 23:05:38,690 - INFO - Server start
2024-03-16 23:06:04,539 - INFO - Server start
2024-03-16 23:06:34,359 - INFO - Server start
2024-03-16 23:06:35,240 - INFO - Server start
2024-03-16 23:14:27,137 - INFO - Server start
2024-03-16 23:14:36,410 - INFO - Server start
2024-03-16 23:14:37,426 - INFO - Server start
2024-03-16 23:15:58,064 - INFO - Server start
2024-03-16 23:16:15,396 - INFO - Server start
2024-03-16 23:16:19,946 - INFO - Server start
2024-03-16 23:16:20,944 - INFO - Server start
2024-03-16 23:18:27,467 - INFO - Server start
2024-03-16 23:18:32,140 - INFO - Server start
2024-03-16 23:18:41,439 - INFO - Server start
2024-03-16 23:18:42,409 - INFO - Server start
2024-03-16 23:19:14,861 - INFO - Server start
2024-03-16 23:19:20,766 - INFO - Server start
2024-03-16 23:19:21,651 - INFO - Server start
2024-03-16 23:20:14,059 - INFO - Server start
2024-03-16 23:21:26,442 - INFO - Server start
2024-03-16 23:24:12,727 - INFO - Server start
2024-03-16 23:25:36,021 - INFO - Server start
2024-03-16 23:25:51,902 - INFO - Server start
2024-03-16 23:26:09,153 - INFO - Server start
2024-03-16 23:26:19,244 - INFO - Server start
2024-03-16 23:26:21,071 - INFO - Server start
2024-03-16 23:26:34,390 - INFO - Server start
2024-03-16 23:26:35,265 - INFO - Server start
2024-03-16 23:27:11,107 - INFO - Server start
2024-03-16 23:29:52,941 - INFO - Server start
2024-03-16 23:30:32,321 - INFO - Server start
2024-03-16 23:30:44,073 - INFO - Server start
2024-03-16 23:30:47,402 - INFO - Server start
2024-03-16 23:31:04,502 - INFO - Server start
2024-03-16 23:33:20,165 - INFO - Server start
2024-03-16 23:34:45,974 - INFO - Server start
2024-03-16 23:34:49,155 - INFO - Server start
2024-03-16 23:34:53,426 - INFO - Server start
2024-03-16 23:34:54,433 - INFO - Server start
2024-03-16 23:36:15,270 - INFO - Server start
2024-03-16 23:36:31,306 - INFO - Server start
2024-03-16 23:36:34,701 - INFO - Server start
2024-03-16 23:36:35,659 - INFO - Server start
2024-03-16 23:39:28,006 - INFO - Server start
2024-03-16 23:39:36,653 - INFO - Server start
2024-03-16 23:39:37,834 - INFO - Server start
2024-03-16 23:43:23,944 - INFO - Server start
2024-03-16 23:43:41,251 - INFO - Server start
2024-03-16 23:43:49,411 - INFO - Server start
2024-03-16 23:43:50,290 - INFO - Server start
2024-03-16 23:44:55,967 - INFO - Server start
2024-03-16 23:45:10,913 - INFO - Server start
2024-03-16 23:45:14,375 - INFO - Server start
2024-03-16 23:45:15,326 - INFO - Server start
2024-03-16 23:46:31,953 - INFO - Server start
2024-03-16 23:51:03,928 - INFO - Server start
2024-03-16 23:51:08,416 - INFO - Server start
2024-03-16 23:51:09,488 - INFO - Server start
2024-03-16 23:53:21,518 - INFO - Server start
2024-03-16 23:53:24,947 - INFO - Server start
2024-03-16 23:53:26,005 - INFO - Server start
2024-03-16 23:54:41,347 - INFO - Server start
2024-03-16 23:54:47,876 - INFO - Server start
2024-03-16 23:54:48,807 - INFO - Server start
2024-03-16 23:55:38,744 - INFO - Server start
2024-03-16 23:55:42,951 - INFO - Server start
2024-03-16 23:55:43,808 - INFO - Server start
2024-03-16 23:57:18,943 - INFO - Server start
2024-03-16 23:57:24,911 - INFO - Server start
2024-03-16 23:57:28,162 - INFO - Server start
2024-03-16 23:57:29,012 - INFO - Server start
2024-03-16 23:58:46,447 - INFO - Server start
2024-03-16 23:58:50,670 - INFO - Server start
2024-03-16 23:58:51,590 - INFO - Server start
2024-03-17 00:00:55,496 - INFO - Server start
2024-03-17 00:01:33,854 - INFO - Server start
2024-03-17 00:06:26,367 - INFO - Server start
2024-03-17 00:06:27,373 - INFO - Server start
2024-03-17 00:07:31,271 - INFO - Server start
2024-03-17 00:07:34,199 - INFO - Server start
2024-03-17 00:07:35,106 - INFO - Server start
2024-03-17 00:07:56,286 - INFO - Server start
2024-03-17 00:07:58,095 - INFO - Server start
2024-03-17 00:09:26,822 - INFO - Server start
2024-03-17 00:09:52,719 - INFO - Server start
2024-03-17 00:09:56,052 - INFO - Server start
2024-03-17 00:10:01,908 - INFO - Server start
2024-03-17 00:10:02,788 - INFO - Server start
2024-03-17 00:10:51,089 - INFO - Server start
2024-03-17 00:15:02,485 - INFO - Server start
2024-03-17 19:56:30,534 - INFO - Server start
2024-03-17 19:56:47,540 - INFO - Server start
2024-03-17 19:58:00,609 - INFO - Server start
2024-03-17 20:02:16,348 - INFO - Server start
2024-03-17 20:02:17,922 - INFO - Server start
2024-03-17 20:36:52,411 - INFO - Server start
2024-03-17 20:36:53,385 - INFO - Server start
2024-03-17 20:42:07,547 - INFO - Server start
2024-03-17 20:42:40,800 - INFO - Server start
2024-03-17 20:42:49,712 - INFO - Server start
2024-03-17 20:42:50,626 - INFO - Server start
2024-03-17 20:43:36,466 - INFO - Server start
2024-03-17 20:45:04,554 - INFO - Server start
2024-03-17 20:48:09,471 - INFO - Server start
2024-03-17 20:48:21,117 - INFO - Server start
2024-03-17 20:49:02,114 - INFO - Server start
2024-03-17 20:49:03,075 - INFO - Server start
2024-03-17 20:55:39,672 - INFO - Server start
2024-03-17 20:56:38,949 - INFO - Server start
2024-03-17 20:57:04,871 - INFO - Server start
2024-03-17 20:57:08,552 - INFO - Server start
2024-03-17 20:57:09,527 - INFO - Server start
2024-03-17 20:58:05,310 - INFO - Server start
2024-03-17 21:00:17,098 - INFO - Server start
2024-03-17 21:01:08,371 - INFO - Server start
2024-03-17 21:02:34,476 - INFO - Server start
2024-03-17 21:03:43,761 - INFO - Server start
2024-03-17 21:05:34,901 - INFO - Server start
2024-03-17 21:05:45,141 - INFO - Server start
2024-03-17 21:05:58,397 - INFO - Server start
2024-03-17 21:07:11,059 - INFO - Server start
2024-03-17 21:08:52,602 - INFO - Server start
2024-03-17 21:09:03,616 - INFO - Server start
2024-03-17 21:09:12,259 - INFO - Server start
2024-03-17 21:09:25,586 - INFO - Server start
2024-03-17 21:10:54,333 - INFO - Server start
2024-03-17 21:11:04,578 - INFO - Server start
2024-03-17 21:11:23,019 - INFO - Server start
2024-03-17 21:11:35,935 - INFO - Server start
2024-03-17 21:11:40,394 - INFO - Server start
2024-03-17 21:11:48,785 - INFO - Server start
2024-03-17 21:11:49,650 - INFO - Server start
2024-03-17 21:14:01,076 - INFO - Server start
2024-03-17 21:14:01,940 - INFO - Server start
2024-03-17 21:17:18,190 - INFO - Server start
2024-03-17 21:17:19,162 - INFO - Server start
2024-03-17 21:20:13,280 - INFO - Server start
2024-03-17 21:20:30,633 - INFO - Server start
2024-03-17 21:20:38,942 - INFO - Server start
2024-03-17 21:20:39,871 - INFO - Server start
2024-03-17 21:22:10,087 - INFO - Server start
2024-03-17 21:22:48,316 - INFO - Server start
2024-03-17 21:23:05,116 - INFO - Server start
2024-03-17 21:23:10,573 - INFO - Server start
2024-03-17 21:23:11,488 - INFO - Server start
2024-03-17 21:24:24,623 - INFO - Server start
2024-03-17 21:25:12,571 - INFO - Server start
2024-03-17 21:25:51,436 - INFO - Server start
2024-03-17 21:26:44,968 - INFO - Server start
2024-03-17 21:26:45,991 - INFO - Server start
2024-03-17 21:28:57,251 - INFO - Server start
2024-03-17 21:29:20,007 - INFO - Server start
2024-03-17 21:29:50,859 - INFO - Server start
2024-03-17 21:30:07,381 - INFO - Server start
2024-03-17 21:30:08,273 - INFO - Server start
2024-03-17 21:31:27,191 - INFO - Server start
2024-03-17 21:31:39,294 - INFO - Server start
2024-03-17 21:31:50,763 - INFO - Server start
2024-03-17 21:32:11,112 - INFO - Server start
2024-03-17 21:32:12,077 - INFO - Server start
2024-03-17 21:34:08,339 - INFO - Server start
2024-03-17 21:34:13,315 - INFO - Server start
2024-03-17 21:34:14,210 - INFO - Server start
2024-03-17 21:37:09,684 - INFO - Server start
2024-03-17 21:37:39,690 - INFO - Server start
2024-03-17 22:34:27,786 - INFO - Server start
2024-03-17 22:34:29,255 - INFO - Server start
2024-03-17 22:53:22,931 - INFO - Server start
2024-03-17 22:53:23,781 - INFO - Server start
2024-03-18 00:03:42,666 - INFO - Server start
2024-03-18 00:03:43,735 - INFO - Server start
2024-03-18 01:23:21,727 - INFO - Server start
2024-03-18 01:23:22,629 - INFO - Server start
2024-03-18 20:59:38,178 - INFO - Server start
2024-03-18 20:59:39,120 - INFO - Server start
2024-03-18 21:14:52,851 - INFO - Server start
2024-03-18 21:14:53,717 - INFO - Server start
2024-03-18 21:16:16,172 - INFO - Server start
2024-03-18 21:16:17,098 - INFO - Server start
2024-03-18 21:35:22,839 - INFO - Server start
2024-03-18 21:35:23,783 - INFO - Server start
2024-03-18 21:47:25,278 - INFO - Server start
2024-03-18 21:47:26,448 - INFO - Server start
2024-03-18 21:54:57,055 - INFO - Server start
2024-03-18 21:55:58,640 - INFO - Server start
2024-03-18 21:56:05,772 - INFO - Server start
2024-03-18 21:56:37,770 - INFO - Server start
2024-03-18 21:56:44,840 - INFO - Server start
2024-03-18 21:56:49,294 - INFO - Server start
2024-03-18 21:56:53,588 - INFO - Server start
2024-03-18 21:57:24,074 - INFO - Server start
2024-03-18 21:57:30,969 - INFO - Server start
2024-03-18 21:58:01,193 - INFO - Server start
2024-03-18 21:58:01,995 - INFO - Server start
2024-03-18 21:58:28,329 - INFO - Server start
2024-03-18 21:58:47,601 - INFO - Server start
2024-03-18 21:58:48,433 - INFO - Server start
2024-03-18 22:18:54,974 - INFO - Server start
2024-03-18 22:18:55,775 - INFO - Server start
2024-03-19 06:55:17,407 - INFO - Server start
2024-03-19 06:56:41,076 - INFO - Server start
2024-03-19 06:57:39,174 - INFO - Server start
2024-03-19 19:53:23,331 - INFO - Server start
2024-03-19 19:56:12,732 - INFO - Lstand Server start
2024-03-19 19:57:23,494 - INFO - Lstand Server start
2024-03-19 19:58:50,694 - INFO - Lstand Server start
2024-03-19 19:59:29,488 - INFO - Lstand Server start
2024-03-19 19:59:30,672 - INFO - Lstand Server start
2024-03-19 20:00:34,535 - INFO - Lstand Server start
2024-03-19 20:00:35,402 - INFO - Lstand Server start
2024-03-19 20:04:33,073 - INFO - 
Lstand Server start
2024-03-19 20:04:33,953 - INFO - 
Lstand Server start
2024-03-19 20:05:40,448 - INFO - 
Lstand Server start
2024-03-19 20:05:41,289 - INFO - 
Lstand Server start
2024-03-19 20:05:53,748 - INFO - 
Lstand Server start
2024-03-19 20:05:54,596 - INFO - 
Lstand Server start
2024-03-19 20:07:58,646 - INFO - 
Lstand Server start
2024-03-19 20:07:59,544 - INFO - 
Lstand Server start
2024-03-19 20:13:08,418 - INFO - 
Lstand Server start
2024-03-19 20:14:23,100 - INFO - 
Lstand Server start
2024-03-19 20:16:23,732 - INFO - 
Lstand Server start
2024-03-19 20:16:31,656 - INFO - 
Lstand Server start
2024-03-19 20:16:32,510 - INFO - 
Lstand Server start
2024-03-19 20:17:37,016 - INFO - 
Lstand Server start
2024-03-19 20:25:53,107 - INFO - 
Lstand Server start
2024-03-19 20:25:53,925 - INFO - 
Lstand Server start
2024-03-19 20:28:23,870 - INFO - 
Lstand Server start
2024-03-19 20:28:24,705 - INFO - 
Lstand Server start
2024-03-19 20:29:52,980 - INFO - 
Lstand Server start
2024-03-19 20:29:53,817 - INFO - 
Lstand Server start
2024-03-19 20:30:45,308 - INFO - 
Lstand Server start
2024-03-19 20:30:46,131 - INFO - 
Lstand Server start
2024-03-19 20:32:49,856 - INFO - 
Lstand Server start
2024-03-19 20:32:50,723 - INFO - 
Lstand Server start
2024-03-19 20:55:38,981 - INFO - 
Lstand Server start
2024-03-19 20:55:39,844 - INFO - 
Lstand Server start
2024-03-19 21:35:47,468 - INFO - 
Lstand Server start
2024-03-19 21:35:48,430 - INFO - 
Lstand Server start
2024-03-20 01:55:42,241 - INFO - 
Lstand Server start
2024-03-20 01:55:43,142 - INFO - 
Lstand Server start
2024-03-20 01:57:12,882 - INFO - 
Lstand Server start
2024-03-20 01:57:13,815 - INFO - 
Lstand Server start
2024-03-20 21:53:10,812 - INFO - 
Lstand Server start
2024-03-20 21:53:11,767 - INFO - 
Lstand Server start
2024-03-20 21:53:36,905 - INFO - 
Lstand Server start
2024-03-20 21:53:37,783 - INFO - 
Lstand Server start
2024-03-20 21:56:04,760 - INFO - 
Lstand Server start
2024-03-20 21:56:05,671 - INFO - 
Lstand Server start
2024-03-21 07:44:56,442 - INFO - 
Lstand Server start
2024-03-21 07:44:57,441 - INFO - 
Lstand Server start
2024-03-21 08:05:55,484 - INFO - 
Lstand Server start
2024-03-21 08:05:56,393 - INFO - 
Lstand Server start
2024-03-21 08:11:02,241 - INFO - 
Lstand Server start
2024-03-21 08:11:03,170 - INFO - 
Lstand Server start
2024-03-21 08:11:08,082 - INFO - Server closed
2024-03-21 08:11:08,200 - INFO - Server closed
2024-03-21 08:11:14,492 - INFO - 
Lstand Server start
2024-03-21 08:11:15,397 - INFO - 
Lstand Server start
2024-03-21 08:11:19,423 - INFO - Server closed
2024-03-21 08:11:19,545 - INFO - Server closed
2024-03-21 08:12:49,055 - INFO - Lstand Server Start.
2024-03-21 08:12:49,992 - INFO - Lstand Server Start.
2024-03-21 08:14:20,936 - INFO - Server closed.
2024-03-21 08:14:22,080 - INFO - Lstand Server Start.
2024-03-21 08:15:23,407 - INFO - Server closed.
2024-03-21 08:15:24,720 - INFO - Lstand Server Start.
2024-03-21 08:18:55,910 - INFO - Server closed.
2024-03-21 08:18:57,158 - INFO - Lstand Server Start.
2024-03-21 08:19:39,996 - INFO - Server closed.
2024-03-21 08:19:41,119 - INFO - Lstand Server Start.
2024-03-21 08:20:17,313 - INFO - Server closed.
2024-03-21 08:20:18,534 - INFO - Lstand Server Start.
2024-03-21 08:22:15,898 - INFO - The Server has closed.
2024-03-21 08:22:17,025 - INFO - Lstand Server Start.
2024-03-21 08:22:22,043 - INFO - The Server has closed.
2024-03-21 08:22:23,186 - INFO - Lstand Server Start.
2024-03-21 08:23:45,955 - INFO - The Server has closed.
2024-03-21 08:23:47,031 - INFO - Lstand Server Start.
2024-03-21 08:24:04,897 - INFO - The Server has closed.
2024-03-21 08:24:06,032 - INFO - Lstand Server Start.
2024-03-21 17:41:21,094 - INFO - The Server has closed.
2024-03-21 17:41:21,307 - INFO - Server closed.
2024-03-21 17:41:37,366 - INFO - Lstand Server Start.
2024-03-21 17:41:38,581 - INFO - Lstand Server Start.
2024-03-21 18:00:10,029 - INFO - The Server has closed.
2024-03-21 18:00:11,198 - INFO - Lstand Server Start.
2024-03-21 18:00:14,665 - INFO - The Server has closed.
2024-03-21 18:00:15,784 - INFO - Lstand Server Start.
2024-03-21 18:01:07,176 - INFO - The Server has closed.
2024-03-21 18:01:08,282 - INFO - The Server has closed.
2024-03-21 18:02:04,603 - INFO - Lstand Server Start.
2024-03-21 18:02:05,455 - INFO - Lstand Server Start.
2024-03-21 18:04:36,348 - INFO - The Server has closed.
2024-03-21 18:04:37,609 - INFO - Lstand Server Start.
2024-03-21 18:04:39,207 - INFO - The Server has closed.
2024-03-21 18:04:39,308 - INFO - The Server has closed.
2024-03-21 18:04:41,430 - INFO - Lstand Server Start.
2024-03-21 18:04:42,454 - INFO - Lstand Server Start.
2024-03-21 18:05:37,483 - INFO - The Server has closed.
2024-03-21 18:05:38,784 - INFO - Lstand Server Start.
2024-03-21 18:06:46,137 - INFO - The Server has closed.
2024-03-21 18:06:47,151 - INFO - The Server has closed.
2024-03-21 18:06:50,938 - INFO - Lstand Server Start.
2024-03-21 18:06:51,822 - INFO - Lstand Server Start.
2024-03-21 18:07:42,785 - INFO - The Server has closed.
2024-03-21 18:07:43,906 - INFO - Lstand Server Start.
2024-03-21 18:08:07,964 - INFO - The Server has closed.
2024-03-21 18:08:09,289 - INFO - The Server has closed.
2024-03-21 18:08:14,257 - INFO - Lstand Server Start.
2024-03-21 18:08:15,123 - INFO - Lstand Server Start.
2024-03-21 18:09:02,999 - INFO - The Server has closed.
2024-03-21 18:09:04,091 - INFO - Lstand Server Start.
2024-03-21 18:09:04,139 - INFO - The Server has closed.
2024-03-21 18:09:04,217 - INFO - The Server has closed.
2024-03-21 18:09:06,349 - INFO - Lstand Server Start.
2024-03-21 18:09:07,299 - INFO - Lstand Server Start.
2024-03-21 18:17:21,004 - INFO - The Server has closed.
2024-03-21 18:17:22,204 - INFO - Lstand Server Start.
2024-03-21 18:18:10,998 - INFO - The Server has closed.
2024-03-21 18:18:12,127 - INFO - Lstand Server Start.
2024-03-21 18:18:40,853 - INFO - The Server has closed.
2024-03-21 18:18:41,976 - INFO - Lstand Server Start.
2024-03-21 18:19:08,286 - INFO - The Server has closed.
2024-03-21 18:19:09,356 - INFO - Lstand Server Start.
2024-03-21 18:19:26,412 - INFO - The Server has closed.
2024-03-21 18:19:27,532 - INFO - Lstand Server Start.
2024-03-21 18:19:31,495 - INFO - The Server has closed.
2024-03-21 18:19:31,587 - INFO - The Server has closed.
2024-03-21 18:19:35,486 - INFO - Lstand Server Start.
2024-03-21 18:19:36,367 - INFO - Lstand Server Start.
2024-03-21 18:20:01,084 - INFO - The Server has closed.
2024-03-21 18:20:02,268 - INFO - Lstand Server Start.
2024-03-21 18:20:03,707 - INFO - The Server has closed.
2024-03-21 18:20:03,837 - INFO - The Server has closed.
2024-03-21 18:20:06,087 - INFO - Lstand Server Start.
2024-03-21 18:20:06,979 - INFO - Lstand Server Start.
2024-03-21 18:22:18,622 - INFO - The Server has closed.
2024-03-21 18:22:19,709 - INFO - Lstand Server Start.
2024-03-21 18:22:21,379 - INFO - The Server has closed.
2024-03-21 18:22:21,458 - INFO - The Server has closed.
2024-03-21 18:22:23,694 - INFO - Lstand Server Start.
2024-03-21 18:22:24,610 - INFO - Lstand Server Start.
2024-03-21 18:24:35,818 - INFO - The Server has closed.
2024-03-21 18:24:36,811 - INFO - Lstand Server Start.
2024-03-21 18:24:44,548 - INFO - The Server has closed.
2024-03-21 18:24:45,589 - INFO - Lstand Server Start.
2024-03-21 18:24:46,737 - INFO - The Server has closed.
2024-03-21 18:24:46,849 - INFO - The Server has closed.
2024-03-21 18:24:49,424 - INFO - Lstand Server Start.
2024-03-21 18:24:50,402 - INFO - Lstand Server Start.
2024-03-21 18:34:47,151 - INFO - The Server has closed.
2024-03-21 18:34:48,365 - INFO - Lstand Server Start.
2024-03-21 18:35:54,079 - INFO - The Server has closed.
2024-03-21 18:35:55,249 - INFO - Lstand Server Start.
2024-03-21 18:36:21,281 - INFO - The Server has closed.
2024-03-21 18:36:22,383 - INFO - Lstand Server Start.
2024-03-21 18:36:24,596 - INFO - The Server has closed.
2024-03-21 18:36:25,603 - INFO - Lstand Server Start.
2024-03-21 18:39:20,754 - INFO - The Server has closed.
2024-03-21 18:39:21,793 - INFO - Lstand Server Start.
2024-03-21 18:39:29,624 - INFO - The Server has closed.
2024-03-21 18:39:29,706 - INFO - The Server has closed.
2024-03-21 18:39:32,864 - INFO - Lstand Server Start.
2024-03-21 18:39:33,744 - INFO - Lstand Server Start.
2024-03-21 18:46:55,862 - INFO - The Server has closed.
2024-03-21 18:46:57,058 - INFO - Lstand Server Start.
2024-03-21 18:55:58,472 - INFO - The Server has closed.
2024-03-21 18:55:59,493 - INFO - Lstand Server Start.
2024-03-21 18:56:04,597 - INFO - The Server has closed.
2024-03-21 18:56:04,676 - INFO - The Server has closed.
2024-03-21 18:56:06,896 - INFO - Lstand Server Start.
2024-03-21 18:56:07,792 - INFO - Lstand Server Start.
2024-03-21 18:59:09,463 - INFO - The Server has closed.
2024-03-21 18:59:10,504 - INFO - Lstand Server Start.
2024-03-21 18:59:14,821 - INFO - The Server has closed.
2024-03-21 18:59:14,920 - INFO - The Server has closed.
2024-03-21 18:59:16,940 - INFO - Lstand Server Start.
2024-03-21 18:59:17,789 - INFO - Lstand Server Start.
2024-03-21 19:01:29,149 - INFO - The Server has closed.
2024-03-21 19:01:30,437 - INFO - The Server has closed.
2024-03-21 19:01:55,748 - INFO - Lstand Server Start.
2024-03-21 19:01:56,622 - INFO - Lstand Server Start.
2024-03-21 19:02:13,189 - INFO - The Server has closed.
2024-03-21 19:02:14,278 - INFO - Lstand Server Start.
2024-03-21 19:03:24,891 - INFO - The Server has closed.
2024-03-21 19:03:25,837 - INFO - Lstand Server Start.
2024-03-21 19:03:30,634 - INFO - The Server has closed.
2024-03-21 19:03:31,548 - INFO - Lstand Server Start.
2024-03-21 19:07:16,086 - INFO - Lstand Server Start.
2024-03-21 19:07:17,623 - INFO - Lstand Server Start.
2024-03-21 19:07:33,733 - INFO - The Server has closed.
2024-03-21 19:07:33,826 - INFO - The Server has closed.
2024-03-21 19:07:39,409 - INFO - The Server has closed.
2024-03-21 19:07:39,567 - INFO - The Server has closed.
2024-03-21 19:08:05,173 - INFO - Lstand Server Start.
2024-03-21 19:08:05,993 - INFO - Lstand Server Start.
2024-03-21 19:08:20,538 - INFO - The Server has closed.
2024-03-21 19:08:20,632 - INFO - The Server has closed.
2024-03-21 21:00:35,006 - INFO - Lstand Server Start.
2024-03-21 21:00:35,887 - INFO - Lstand Server Start.
2024-03-21 21:00:39,590 - INFO - The Server has closed.
2024-03-21 21:00:39,653 - INFO - The Server has closed.
2024-03-21 21:00:41,638 - INFO - Lstand Server Start.
2024-03-21 21:00:42,123 - INFO - Lstand Server Start.
2024-03-21 21:03:47,082 - INFO - The Server has closed.
2024-03-21 21:03:47,815 - INFO - Lstand Server Start.
2024-03-21 21:08:52,480 - INFO - The Server has closed.
2024-03-21 21:08:53,063 - INFO - Lstand Server Start.
2024-03-21 21:08:55,099 - INFO - The Server has closed.
2024-03-21 21:08:55,168 - INFO - The Server has closed.
2024-03-21 21:08:57,558 - INFO - Lstand Server Start.
2024-03-21 21:08:58,076 - INFO - Lstand Server Start.
2024-03-21 21:09:32,161 - INFO - The Server has closed.
2024-03-21 21:09:32,698 - INFO - Lstand Server Start.
2024-03-21 21:10:19,202 - INFO - The Server has closed.
2024-03-21 21:10:19,848 - INFO - Lstand Server Start.
2024-03-21 21:10:23,423 - INFO - The Server has closed.
2024-03-21 21:10:23,477 - INFO - The Server has closed.
2024-03-21 21:10:26,098 - INFO - Lstand Server Start.
2024-03-21 21:10:26,589 - INFO - Lstand Server Start.
2024-03-21 21:10:55,593 - INFO - The Server has closed.
2024-03-21 21:10:55,668 - INFO - The Server has closed.
2024-03-21 21:10:57,866 - INFO - Lstand Server Start.
2024-03-21 21:10:58,388 - INFO - Lstand Server Start.
2024-03-21 21:11:47,964 - INFO - The Server has closed.
2024-03-21 21:11:48,702 - INFO - Lstand Server Start.
2024-03-21 21:11:58,128 - INFO - The Server has closed.
2024-03-21 21:11:58,598 - INFO - The Server has closed.
2024-03-21 21:12:00,296 - INFO - Lstand Server Start.
2024-03-21 21:12:00,788 - INFO - Lstand Server Start.
2024-03-21 21:20:39,445 - INFO - The Server has closed.
2024-03-21 21:20:40,157 - INFO - Lstand Server Start.
2024-03-21 21:20:56,872 - INFO - The Server has closed.
2024-03-21 21:20:56,946 - INFO - The Server has closed.
2024-03-21 21:20:58,707 - INFO - Lstand Server Start.
2024-03-21 21:20:59,235 - INFO - Lstand Server Start.
2024-03-21 21:32:03,624 - INFO - The Server has closed.
2024-03-21 21:32:03,707 - INFO - The Server has closed.
2024-03-22 00:52:24,173 - INFO - Lstand Server Start.
2024-03-22 00:52:24,682 - INFO - Lstand Server Start.
2024-03-22 00:56:04,935 - INFO - The Server has closed.
2024-03-22 00:56:05,015 - INFO - The Server has closed.
2024-03-22 00:57:24,546 - INFO - Lstand Server Start.
2024-03-22 00:57:25,043 - INFO - Lstand Server Start.
2024-03-22 00:58:59,444 - INFO - The Server has closed.
2024-03-22 00:58:59,505 - INFO - The Server has closed.
2024-03-22 02:15:38,631 - INFO - Lstand Server Start.
2024-03-22 02:15:39,336 - INFO - Lstand Server Start.
2024-03-22 02:17:54,991 - INFO - The Server has closed.
2024-03-22 02:17:55,081 - INFO - The Server has closed.
2024-03-22 02:17:58,366 - INFO - Lstand Server Start.
2024-03-22 02:17:58,930 - INFO - Lstand Server Start.
2024-03-22 02:18:00,908 - INFO - The Server has closed.
2024-03-22 02:18:00,972 - INFO - The Server has closed.
2024-03-22 02:18:38,535 - INFO - Lstand Server Start.
2024-03-22 02:18:39,110 - INFO - Lstand Server Start.
2024-03-22 02:33:44,924 - INFO - The Server has closed.
2024-03-22 02:33:44,985 - INFO - The Server has closed.
2024-03-22 02:36:53,868 - INFO - Lstand Server Start.
2024-03-22 02:36:54,584 - INFO - Lstand Server Start.
2024-03-22 02:42:09,603 - INFO - The Server has closed.
2024-03-22 02:42:09,688 - INFO - The Server has closed.
2024-03-22 05:22:22,554 - INFO - Lstand Server Start.
2024-03-22 05:22:23,139 - INFO - Lstand Server Start.
2024-03-22 05:25:39,397 - INFO - The Server has closed.
2024-03-22 05:25:40,268 - INFO - Lstand Server Start.
2024-03-22 05:26:35,799 - INFO - The Server has closed.
2024-03-22 05:26:35,864 - INFO - The Server has closed.
2024-03-22 05:26:39,069 - INFO - Lstand Server Start.
2024-03-22 05:26:39,766 - INFO - Lstand Server Start.
2024-03-22 05:34:36,736 - INFO - The Server has closed.
2024-03-22 05:34:42,485 - INFO - Lstand Server Start.
2024-03-22 05:34:49,077 - INFO - The Server has closed.
2024-03-22 05:34:49,859 - INFO - Lstand Server Start.
2024-03-22 05:34:51,454 - INFO - The Server has closed.
2024-03-22 05:34:51,521 - INFO - The Server has closed.
2024-03-22 05:34:53,645 - INFO - Lstand Server Start.
2024-03-22 05:34:54,416 - INFO - Lstand Server Start.
2024-03-22 05:35:18,104 - INFO - The Server has closed.
2024-03-22 05:35:18,847 - INFO - Lstand Server Start.
2024-03-22 05:35:21,507 - INFO - The Server has closed.
2024-03-22 05:35:21,581 - INFO - The Server has closed.
2024-03-22 05:35:23,692 - INFO - Lstand Server Start.
2024-03-22 05:35:24,297 - INFO - Lstand Server Start.
2024-03-22 05:38:01,474 - INFO - The Server has closed.
2024-03-22 05:38:02,089 - INFO - Lstand Server Start.
2024-03-22 05:38:11,727 - INFO - The Server has closed.
2024-03-22 05:38:11,792 - INFO - The Server has closed.
2024-03-22 05:38:14,482 - INFO - Lstand Server Start.
2024-03-22 05:38:15,012 - INFO - Lstand Server Start.
2024-03-22 05:39:50,275 - INFO - The Server has closed.
2024-03-22 05:39:50,364 - INFO - The Server has closed.
2024-03-23 01:14:46,272 - INFO - Lstand Server Start.
2024-03-23 01:14:47,055 - INFO - Lstand Server Start.
2024-03-23 01:17:08,312 - INFO - The Server has closed.
2024-03-23 01:17:09,257 - INFO - Lstand Server Start.
2024-03-23 01:17:10,383 - INFO - The Server has closed.
2024-03-23 01:17:10,469 - INFO - The Server has closed.
2024-03-23 01:17:12,637 - INFO - Lstand Server Start.
2024-03-23 01:17:13,277 - INFO - Lstand Server Start.
2024-03-23 01:22:51,127 - INFO - The Server has closed.
2024-03-23 01:22:51,899 - INFO - Lstand Server Start.
2024-03-23 01:22:52,574 - INFO - The Server has closed.
2024-03-23 01:22:52,665 - INFO - The Server has closed.
2024-03-23 01:22:55,535 - INFO - Lstand Server Start.
2024-03-23 01:22:56,223 - INFO - Lstand Server Start.
2024-03-23 01:24:49,180 - INFO - The Server has closed.
2024-03-23 01:24:49,891 - INFO - Lstand Server Start.
2024-03-23 01:24:50,801 - INFO - The Server has closed.
2024-03-23 01:24:50,858 - INFO - The Server has closed.
2024-03-23 01:24:55,300 - INFO - Lstand Server Start.
2024-03-23 01:24:55,887 - INFO - Lstand Server Start.
2024-03-23 01:28:21,106 - INFO - The Server has closed.
2024-03-23 01:28:21,906 - INFO - Lstand Server Start.
2024-03-23 01:28:24,625 - INFO - The Server has closed.
2024-03-23 01:28:24,698 - INFO - The Server has closed.
2024-03-23 01:28:26,585 - INFO - Lstand Server Start.
2024-03-23 01:28:27,263 - INFO - Lstand Server Start.
2024-03-23 01:29:03,826 - INFO - The Server has closed.
2024-03-23 01:29:04,595 - INFO - Lstand Server Start.
2024-03-23 01:29:12,583 - INFO - The Server has closed.
2024-03-23 01:29:12,683 - INFO - The Server has closed.
2024-03-23 01:29:14,924 - INFO - Lstand Server Start.
2024-03-23 01:29:15,616 - INFO - Lstand Server Start.
2024-03-23 01:31:07,116 - INFO - The Server has closed.
2024-03-23 01:31:07,915 - INFO - Lstand Server Start.
2024-03-23 01:31:43,862 - INFO - The Server has closed.
2024-03-23 01:31:44,623 - INFO - Lstand Server Start.
2024-03-23 01:36:11,607 - INFO - The Server has closed.
2024-03-23 01:36:12,244 - INFO - Lstand Server Start.
2024-03-23 01:36:41,554 - INFO - The Server has closed.
2024-03-23 01:36:42,309 - INFO - Lstand Server Start.
2024-03-23 01:36:46,578 - INFO - The Server has closed.
2024-03-23 01:36:47,225 - INFO - Lstand Server Start.
2024-03-23 01:36:47,311 - INFO - The Server has closed.
2024-03-23 01:36:47,382 - INFO - The Server has closed.
2024-03-23 01:36:51,422 - INFO - Lstand Server Start.
2024-03-23 01:36:51,940 - INFO - Lstand Server Start.
2024-03-23 01:38:10,063 - INFO - The Server has closed.
2024-03-23 01:38:10,719 - INFO - Lstand Server Start.
2024-03-23 01:38:41,044 - INFO - The Server has closed.
2024-03-23 01:38:41,754 - INFO - Lstand Server Start.
2024-03-23 01:38:42,914 - INFO - The Server has closed.
2024-03-23 01:38:43,573 - INFO - Lstand Server Start.
2024-03-23 01:38:45,142 - INFO - The Server has closed.
2024-03-23 01:38:45,194 - INFO - The Server has closed.
2024-03-23 01:38:49,070 - INFO - Lstand Server Start.
2024-03-23 01:38:49,650 - INFO - Lstand Server Start.
2024-03-23 01:40:21,723 - INFO - The Server has closed.
2024-03-23 01:40:22,569 - INFO - Lstand Server Start.
2024-03-23 01:40:25,809 - INFO - The Server has closed.
2024-03-23 01:40:26,046 - INFO - The Server has closed.
2024-03-23 01:41:12,421 - INFO - Lstand Server Start.
2024-03-23 01:41:13,014 - INFO - Lstand Server Start.
2024-03-23 01:43:10,794 - INFO - The Server has closed.
2024-03-23 01:43:11,612 - INFO - Lstand Server Start.
2024-03-23 01:43:12,542 - INFO - The Server has closed.
2024-03-23 01:43:12,613 - INFO - The Server has closed.
2024-03-23 01:43:14,381 - INFO - Lstand Server Start.
2024-03-23 01:43:14,939 - INFO - Lstand Server Start.
2024-03-23 01:43:58,820 - INFO - The Server has closed.
2024-03-23 01:43:59,528 - INFO - Lstand Server Start.
2024-03-23 01:45:35,226 - INFO - The Server has closed.
2024-03-23 01:45:36,018 - INFO - Lstand Server Start.
2024-03-23 01:45:37,724 - INFO - The Server has closed.
2024-03-23 01:45:37,822 - INFO - The Server has closed.
2024-03-23 01:45:39,793 - INFO - Lstand Server Start.
2024-03-23 01:45:40,334 - INFO - Lstand Server Start.
2024-03-23 01:45:55,053 - INFO - The Server has closed.
2024-03-23 01:45:55,737 - INFO - Lstand Server Start.
2024-03-23 01:45:56,211 - INFO - The Server has closed.
2024-03-23 01:45:56,276 - INFO - The Server has closed.
2024-03-23 01:45:58,353 - INFO - Lstand Server Start.
2024-03-23 01:45:58,976 - INFO - Lstand Server Start.
2024-03-23 01:46:08,414 - INFO - The Server has closed.
2024-03-23 01:46:08,788 - INFO - The Server has closed.
2024-03-23 01:46:17,700 - INFO - Lstand Server Start.
2024-03-23 01:46:18,280 - INFO - Lstand Server Start.
2024-03-23 01:47:21,995 - INFO - The Server has closed.
2024-03-23 01:47:22,764 - INFO - Lstand Server Start.
2024-03-23 01:50:02,033 - INFO - The Server has closed.
2024-03-23 01:50:02,633 - INFO - Lstand Server Start.
2024-03-23 01:50:13,039 - INFO - The Server has closed.
2024-03-23 01:50:13,105 - INFO - The Server has closed.
2024-03-23 01:50:14,739 - INFO - Lstand Server Start.
2024-03-23 01:50:15,287 - INFO - Lstand Server Start.
2024-03-23 01:52:40,598 - INFO - The Server has closed.
2024-03-23 01:52:41,237 - INFO - Lstand Server Start.
2024-03-23 01:52:47,084 - INFO - The Server has closed.
2024-03-23 01:52:47,165 - INFO - The Server has closed.
2024-03-23 01:52:49,253 - INFO - Lstand Server Start.
2024-03-23 01:52:49,818 - INFO - Lstand Server Start.
2024-03-23 01:54:05,675 - INFO - The Server has closed.
2024-03-23 01:54:06,321 - INFO - Lstand Server Start.
2024-03-23 01:54:07,477 - INFO - The Server has closed.
2024-03-23 01:54:07,552 - INFO - The Server has closed.
2024-03-23 01:54:10,272 - INFO - Lstand Server Start.
2024-03-23 01:54:10,870 - INFO - Lstand Server Start.
2024-03-23 01:57:42,790 - INFO - The Server has closed.
2024-03-23 01:57:42,854 - INFO - The Server has closed.
2024-03-23 01:57:44,598 - INFO - Lstand Server Start.
2024-03-23 01:57:45,233 - INFO - Lstand Server Start.
2024-03-23 01:58:30,112 - INFO - The Server has closed.
2024-03-23 01:58:30,702 - INFO - Lstand Server Start.
2024-03-23 02:08:19,055 - INFO - The Server has closed.
2024-03-23 02:08:19,699 - INFO - Lstand Server Start.
2024-03-23 02:08:25,469 - INFO - The Server has closed.
2024-03-23 02:08:25,541 - INFO - The Server has closed.
2024-03-23 02:23:03,913 - INFO - Lstand Server Start.
2024-03-23 02:23:04,450 - INFO - Lstand Server Start.
2024-03-23 02:23:05,113 - INFO - The Server has closed.
2024-03-23 02:23:05,203 - INFO - The Server has closed.
2024-03-23 02:23:52,871 - INFO - Lstand Server Start.
2024-03-23 02:23:53,508 - INFO - Lstand Server Start.
2024-03-23 02:25:15,177 - INFO - The Server has closed.
2024-03-23 02:25:15,904 - INFO - Lstand Server Start.
2024-03-23 02:25:27,558 - INFO - The Server has closed.
2024-03-23 02:25:28,260 - INFO - Lstand Server Start.
2024-03-23 02:25:29,762 - INFO - The Server has closed.
2024-03-23 02:25:29,822 - INFO - The Server has closed.
2024-03-23 02:25:31,462 - INFO - Lstand Server Start.
2024-03-23 02:25:32,065 - INFO - Lstand Server Start.
2024-03-23 02:37:29,924 - INFO - The Server has closed.
2024-03-23 02:37:30,620 - INFO - Lstand Server Start.
2024-03-23 03:18:33,294 - INFO - The Server has closed.
2024-03-23 03:18:37,064 - INFO - Lstand Server Start.
2024-03-23 03:18:58,882 - INFO - The Server has closed.
2024-03-23 03:18:59,460 - INFO - Lstand Server Start.
2024-03-23 03:19:37,759 - INFO - The Server has closed.
2024-03-23 03:19:38,484 - INFO - Lstand Server Start.
2024-03-23 03:19:43,712 - INFO - The Server has closed.
2024-03-23 03:19:44,338 - INFO - Lstand Server Start.
2024-03-23 03:20:58,942 - INFO - The Server has closed.
2024-03-23 03:20:59,963 - INFO - Lstand Server Start.
2024-03-23 03:21:14,556 - INFO - The Server has closed.
2024-03-23 03:21:15,259 - INFO - Lstand Server Start.
2024-03-23 03:21:22,574 - INFO - The Server has closed.
2024-03-23 03:21:23,162 - INFO - Lstand Server Start.
2024-03-23 03:21:23,362 - INFO - The Server has closed.
2024-03-23 03:21:23,417 - INFO - The Server has closed.
2024-03-23 03:21:25,015 - INFO - Lstand Server Start.
2024-03-23 03:21:25,624 - INFO - Lstand Server Start.
2024-03-23 03:22:11,103 - INFO - The Server has closed.
2024-03-23 03:22:11,762 - INFO - Lstand Server Start.
2024-03-23 03:22:12,880 - INFO - The Server has closed.
2024-03-23 03:22:13,480 - INFO - Lstand Server Start.
2024-03-23 03:22:24,950 - INFO - The Server has closed.
2024-03-23 03:22:25,542 - INFO - Lstand Server Start.
2024-03-23 03:22:53,557 - INFO - The Server has closed.
2024-03-23 03:22:54,128 - INFO - Lstand Server Start.
2024-03-23 03:23:00,476 - INFO - The Server has closed.
2024-03-23 03:23:00,527 - INFO - The Server has closed.
2024-03-23 03:23:02,234 - INFO - Lstand Server Start.
2024-03-23 03:23:02,876 - INFO - Lstand Server Start.
2024-03-23 03:24:33,897 - INFO - The Server has closed.
2024-03-23 03:24:34,543 - INFO - Lstand Server Start.
2024-03-23 03:24:45,605 - INFO - The Server has closed.
2024-03-23 03:24:45,671 - INFO - The Server has closed.
2024-03-23 03:24:47,012 - INFO - Lstand Server Start.
2024-03-23 03:24:47,535 - INFO - Lstand Server Start.
2024-03-23 03:27:04,392 - INFO - The Server has closed.
2024-03-23 03:27:04,471 - INFO - The Server has closed.
2024-03-23 03:37:02,938 - INFO - Lstand Server Start.
2024-03-23 03:37:03,459 - INFO - Lstand Server Start.
2024-03-23 03:40:00,985 - INFO - The Server has closed.
2024-03-23 03:40:01,661 - INFO - Lstand Server Start.
2024-03-23 03:40:30,699 - INFO - The Server has closed.
2024-03-23 03:40:31,282 - INFO - Lstand Server Start.
2024-03-23 03:41:00,357 - INFO - The Server has closed.
2024-03-23 03:41:00,968 - INFO - Lstand Server Start.
2024-03-23 03:41:37,162 - INFO - The Server has closed.
2024-03-23 03:41:37,788 - INFO - Lstand Server Start.
2024-03-23 03:41:39,007 - INFO - The Server has closed.
2024-03-23 03:41:39,093 - INFO - The Server has closed.
2024-03-23 03:41:40,717 - INFO - Lstand Server Start.
2024-03-23 03:41:41,290 - INFO - Lstand Server Start.
2024-03-23 03:42:25,683 - INFO - The Server has closed.
2024-03-23 03:42:26,247 - INFO - Lstand Server Start.
2024-03-23 03:42:35,595 - INFO - The Server has closed.
2024-03-23 03:42:36,152 - INFO - Lstand Server Start.
2024-03-23 03:42:47,642 - INFO - The Server has closed.
2024-03-23 03:42:48,234 - INFO - Lstand Server Start.
2024-03-23 03:42:48,305 - INFO - The Server has closed.
2024-03-23 03:42:48,354 - INFO - The Server has closed.
2024-03-23 03:42:50,588 - INFO - Lstand Server Start.
2024-03-23 03:42:51,086 - INFO - Lstand Server Start.
2024-03-23 03:42:59,463 - INFO - The Server has closed.
2024-03-23 03:43:00,096 - INFO - Lstand Server Start.
2024-03-23 03:43:15,688 - INFO - The Server has closed.
2024-03-23 03:43:16,346 - INFO - Lstand Server Start.
2024-03-23 03:44:17,340 - INFO - The Server has closed.
2024-03-23 03:44:17,961 - INFO - Lstand Server Start.
2024-03-23 03:44:29,412 - INFO - The Server has closed.
2024-03-23 03:44:29,981 - INFO - Lstand Server Start.
2024-03-23 03:47:25,701 - INFO - The Server has closed.
2024-03-23 03:47:25,773 - INFO - The Server has closed.
2024-03-23 03:49:45,801 - INFO - Lstand Server Start.
2024-03-23 03:49:46,379 - INFO - Lstand Server Start.
2024-03-23 03:56:03,149 - INFO - The Server has closed.
2024-03-23 03:56:03,232 - INFO - The Server has closed.
2024-03-23 03:56:05,293 - INFO - Lstand Server Start.
2024-03-23 03:56:06,569 - INFO - Lstand Server Start.
2024-03-23 04:03:04,296 - INFO - The Server has closed.
2024-03-23 04:03:05,184 - INFO - Lstand Server Start.
2024-03-23 04:06:37,561 - INFO - The Server has closed.
2024-03-23 04:06:38,229 - INFO - Lstand Server Start.
2024-03-23 04:06:41,807 - INFO - The Server has closed.
2024-03-23 04:06:41,884 - INFO - The Server has closed.
2024-03-23 04:06:44,874 - INFO - Lstand Server Start.
2024-03-23 04:06:45,508 - INFO - Lstand Server Start.
2024-03-23 04:06:56,176 - INFO - The Server has closed.
2024-03-23 04:06:56,938 - INFO - Lstand Server Start.
2024-03-23 04:07:05,333 - INFO - The Server has closed.
2024-03-23 04:07:05,407 - INFO - The Server has closed.
2024-03-23 04:07:09,698 - INFO - Lstand Server Start.
2024-03-23 04:07:10,263 - INFO - Lstand Server Start.
2024-03-23 04:10:33,569 - INFO - The Server has closed.
2024-03-23 04:10:34,184 - INFO - Lstand Server Start.
2024-03-23 04:10:35,474 - INFO - The Server has closed.
2024-03-23 04:10:35,549 - INFO - The Server has closed.
2024-03-23 04:10:40,183 - INFO - Lstand Server Start.
2024-03-23 04:10:40,740 - INFO - Lstand Server Start.
2024-03-23 04:13:30,553 - INFO - The Server has closed.
2024-03-23 04:13:31,234 - INFO - Lstand Server Start.
2024-03-23 04:13:32,223 - INFO - The Server has closed.
2024-03-23 04:13:32,292 - INFO - The Server has closed.
2024-03-23 04:13:34,146 - INFO - Lstand Server Start.
2024-03-23 04:13:34,722 - INFO - Lstand Server Start.
2024-03-23 04:14:49,663 - INFO - The Server has closed.
2024-03-23 04:14:49,721 - INFO - The Server has closed.
2024-03-23 04:14:51,397 - INFO - Lstand Server Start.
2024-03-23 04:14:51,974 - INFO - Lstand Server Start.
2024-03-23 04:15:36,859 - INFO - The Server has closed.
2024-03-23 04:15:37,498 - INFO - Lstand Server Start.
2024-03-23 04:15:53,245 - INFO - The Server has closed.
2024-03-23 04:15:53,313 - INFO - The Server has closed.
2024-03-23 04:15:54,860 - INFO - Lstand Server Start.
2024-03-23 04:15:55,415 - INFO - Lstand Server Start.
2024-03-23 04:17:46,093 - INFO - The Server has closed.
2024-03-23 04:17:46,736 - INFO - Lstand Server Start.
2024-03-23 04:18:24,336 - INFO - The Server has closed.
2024-03-23 04:18:25,036 - INFO - Lstand Server Start.
2024-03-23 04:19:34,894 - INFO - The Server has closed.
2024-03-23 04:19:35,637 - INFO - Lstand Server Start.
2024-03-23 04:19:47,252 - INFO - The Server has closed.
2024-03-23 04:19:48,024 - INFO - Lstand Server Start.
2024-03-23 04:20:19,303 - INFO - The Server has closed.
2024-03-23 04:20:19,900 - INFO - Lstand Server Start.
2024-03-23 04:21:47,465 - INFO - The Server has closed.
2024-03-23 04:21:48,060 - INFO - Lstand Server Start.
2024-03-23 04:21:50,204 - INFO - The Server has closed.
2024-03-23 04:21:50,791 - INFO - Lstand Server Start.
2024-03-23 04:22:16,884 - INFO - The Server has closed.
2024-03-23 04:22:17,514 - INFO - Lstand Server Start.
2024-03-23 04:22:18,046 - INFO - The Server has closed.
2024-03-23 04:22:18,097 - INFO - The Server has closed.
2024-03-23 04:22:19,577 - INFO - Lstand Server Start.
2024-03-23 04:22:20,130 - INFO - Lstand Server Start.
2024-03-23 04:22:55,842 - INFO - The Server has closed.
2024-03-23 04:22:56,430 - INFO - Lstand Server Start.
2024-03-23 04:23:09,003 - INFO - The Server has closed.
2024-03-23 04:23:09,592 - INFO - Lstand Server Start.
2024-03-23 04:23:13,217 - INFO - The Server has closed.
2024-03-23 04:23:13,285 - INFO - The Server has closed.
2024-03-23 04:23:16,566 - INFO - Lstand Server Start.
2024-03-23 04:23:17,130 - INFO - Lstand Server Start.
2024-03-23 04:24:57,142 - INFO - The Server has closed.
2024-03-23 04:24:57,745 - INFO - Lstand Server Start.
2024-03-23 04:25:29,974 - INFO - The Server has closed.
2024-03-23 04:25:30,634 - INFO - Lstand Server Start.
2024-03-23 04:26:18,718 - INFO - The Server has closed.
2024-03-23 04:26:19,550 - INFO - Lstand Server Start.
2024-03-23 04:31:03,283 - INFO - The Server has closed.
2024-03-23 04:31:03,361 - INFO - The Server has closed.
2024-03-23 04:31:05,518 - INFO - Lstand Server Start.
2024-03-23 04:31:06,077 - INFO - Lstand Server Start.
2024-03-23 07:03:16,390 - INFO - The Server has closed.
2024-03-23 07:03:21,485 - INFO - The Server has closed.
2024-03-23 07:21:14,449 - INFO - Lstand Server Start.
2024-03-23 07:21:15,145 - INFO - Lstand Server Start.
2024-03-23 07:21:16,182 - INFO - The Server has closed.
2024-03-23 07:21:16,269 - INFO - The Server has closed.
